<?xml version="1.0" encoding="UTF-8"?>
<testsuite xmlns:xsi="http://www.w3.org/2001/XMLSchema-instance" xsi:noNamespaceSchemaLocation="https://maven.apache.org/surefire/maven-surefire-plugin/xsd/surefire-test-report.xsd" name="com.company.repository.ArticleRepositoryTests" time="8.514" tests="3" errors="3" skipped="0" failures="0">
  <properties>
[...]
</properties>
  <testcase name="shouldGetArticleByArticleIdFromDatabase" classname="com.company.repository.ArticleRepositoryTests" time="0.537">
    <error message="could not execute statement; SQL [n/a]; constraint [null]; nested exception is org.hibernate.exception.ConstraintViolationException: could not execute statement" type="org.springframework.dao.DataIntegrityViolationException">org.springframework.dao.DataIntegrityViolationException: could not execute statement; SQL [n/a]; constraint [null]; nested exception is org.hibernate.exception.ConstraintViolationException: could not execute statement
	at com.company.repository.ArticleRepositoryTests.shouldGetArticleByArticleIdFromDatabase(ArticleRepositoryTests.java:53)
Caused by: org.hibernate.exception.ConstraintViolationException: could not execute statement
	at com.company.repository.ArticleRepositoryTests.shouldGetArticleByArticleIdFromDatabase(ArticleRepositoryTests.java:53)
Caused by: java.sql.SQLIntegrityConstraintViolationException: Cannot add or update a child row: a foreign key constraint fails (`research_app_test`.`article`, CONSTRAINT `fk_archive` FOREIGN KEY (`archive_id`) REFERENCES `archive` (`archive_id`))
	at com.company.repository.ArticleRepositoryTests.shouldGetArticleByArticleIdFromDatabase(ArticleRepositoryTests.java:53)
</error>
    <system-out><![CDATA[09:31:47.792 [main] DEBUG org.springframework.test.context.junit4.SpringJUnit4ClassRunner - SpringJUnit4ClassRunner constructor called with [class com.company.repository.ArticleRepositoryTests]
09:31:47.800 [main] DEBUG org.springframework.test.context.BootstrapUtils - Instantiating CacheAwareContextLoaderDelegate from class [org.springframework.test.context.cache.DefaultCacheAwareContextLoaderDelegate]
09:31:47.812 [main] DEBUG org.springframework.test.context.BootstrapUtils - Instantiating BootstrapContext using constructor [public org.springframework.test.context.support.DefaultBootstrapContext(java.lang.Class,org.springframework.test.context.CacheAwareContextLoaderDelegate)]
09:31:47.836 [main] DEBUG org.springframework.test.context.BootstrapUtils - Instantiating TestContextBootstrapper for test class [com.company.repository.ArticleRepositoryTests] from class [org.springframework.boot.test.context.SpringBootTestContextBootstrapper]
09:31:47.853 [main] INFO org.springframework.boot.test.context.SpringBootTestContextBootstrapper - Neither @ContextConfiguration nor @ContextHierarchy found for test class [com.company.repository.ArticleRepositoryTests], using SpringBootContextLoader
09:31:47.860 [main] DEBUG org.springframework.test.context.support.AbstractContextLoader - Did not detect default resource location for test class [com.company.repository.ArticleRepositoryTests]: class path resource [com/company/repository/ArticleRepositoryTests-context.xml] does not exist
09:31:47.861 [main] DEBUG org.springframework.test.context.support.AbstractContextLoader - Did not detect default resource location for test class [com.company.repository.ArticleRepositoryTests]: class path resource [com/company/repository/ArticleRepositoryTestsContext.groovy] does not exist
09:31:47.861 [main] INFO org.springframework.test.context.support.AbstractContextLoader - Could not detect default resource locations for test class [com.company.repository.ArticleRepositoryTests]: no resource found for suffixes {-context.xml, Context.groovy}.
09:31:47.862 [main] INFO org.springframework.test.context.support.AnnotationConfigContextLoaderUtils - Could not detect default configuration classes for test class [com.company.repository.ArticleRepositoryTests]: ArticleRepositoryTests does not declare any static, non-private, non-final, nested classes annotated with @Configuration.
09:31:47.966 [main] DEBUG org.springframework.test.context.support.ActiveProfilesUtils - Could not find an 'annotation declaring class' for annotation type [org.springframework.test.context.ActiveProfiles] and class [com.company.repository.ArticleRepositoryTests]
09:31:48.080 [main] DEBUG org.springframework.context.annotation.ClassPathScanningCandidateComponentProvider - Identified candidate component class: file [/Users/jamescorcoran/Desktop/group-project/target/classes/com/company/App.class]
09:31:48.090 [main] INFO org.springframework.boot.test.context.SpringBootTestContextBootstrapper - Found @SpringBootConfiguration com.company.App for test class com.company.repository.ArticleRepositoryTests
09:31:48.182 [main] DEBUG org.springframework.boot.test.context.SpringBootTestContextBootstrapper - @TestExecutionListeners is not present for class [com.company.repository.ArticleRepositoryTests]: using defaults.
09:31:48.182 [main] INFO org.springframework.boot.test.context.SpringBootTestContextBootstrapper - Loaded default TestExecutionListener class names from location [META-INF/spring.factories]: [org.springframework.boot.test.mock.mockito.MockitoTestExecutionListener, org.springframework.boot.test.mock.mockito.ResetMocksTestExecutionListener, org.springframework.boot.test.autoconfigure.restdocs.RestDocsTestExecutionListener, org.springframework.boot.test.autoconfigure.web.client.MockRestServiceServerResetTestExecutionListener, org.springframework.boot.test.autoconfigure.web.servlet.MockMvcPrintOnlyOnFailureTestExecutionListener, org.springframework.boot.test.autoconfigure.web.servlet.WebDriverTestExecutionListener, org.springframework.test.context.web.ServletTestExecutionListener, org.springframework.test.context.support.DirtiesContextBeforeModesTestExecutionListener, org.springframework.test.context.support.DependencyInjectionTestExecutionListener, org.springframework.test.context.support.DirtiesContextTestExecutionListener, org.springframework.test.context.transaction.TransactionalTestExecutionListener, org.springframework.test.context.jdbc.SqlScriptsTestExecutionListener]
09:31:48.192 [main] INFO org.springframework.boot.test.context.SpringBootTestContextBootstrapper - Using TestExecutionListeners: [org.springframework.test.context.web.ServletTestExecutionListener@16293aa2, org.springframework.test.context.support.DirtiesContextBeforeModesTestExecutionListener@5158b42f, org.springframework.boot.test.mock.mockito.MockitoTestExecutionListener@595b007d, org.springframework.boot.test.autoconfigure.SpringBootDependencyInjectionTestExecutionListener@72d1ad2e, org.springframework.test.context.support.DirtiesContextTestExecutionListener@2d7275fc, org.springframework.test.context.transaction.TransactionalTestExecutionListener@399f45b1, org.springframework.test.context.jdbc.SqlScriptsTestExecutionListener@38c6f217, org.springframework.boot.test.mock.mockito.ResetMocksTestExecutionListener@478190fc, org.springframework.boot.test.autoconfigure.restdocs.RestDocsTestExecutionListener@79e2c065, org.springframework.boot.test.autoconfigure.web.client.MockRestServiceServerResetTestExecutionListener@3a93b025, org.springframework.boot.test.autoconfigure.web.servlet.MockMvcPrintOnlyOnFailureTestExecutionListener@35cabb2a, org.springframework.boot.test.autoconfigure.web.servlet.WebDriverTestExecutionListener@7e07db1f]
09:31:48.192 [main] DEBUG org.springframework.test.annotation.ProfileValueUtils - Retrieved @ProfileValueSourceConfiguration [null] for test class [com.company.repository.ArticleRepositoryTests]
09:31:48.193 [main] DEBUG org.springframework.test.annotation.ProfileValueUtils - Retrieved ProfileValueSource type [class org.springframework.test.annotation.SystemProfileValueSource] for class [com.company.repository.ArticleRepositoryTests]
09:31:48.195 [main] DEBUG org.springframework.test.annotation.ProfileValueUtils - Retrieved @ProfileValueSourceConfiguration [null] for test class [com.company.repository.ArticleRepositoryTests]
09:31:48.195 [main] DEBUG org.springframework.test.annotation.ProfileValueUtils - Retrieved ProfileValueSource type [class org.springframework.test.annotation.SystemProfileValueSource] for class [com.company.repository.ArticleRepositoryTests]
09:31:48.195 [main] DEBUG org.springframework.test.annotation.ProfileValueUtils - Retrieved @ProfileValueSourceConfiguration [null] for test class [com.company.repository.ArticleRepositoryTests]
09:31:48.195 [main] DEBUG org.springframework.test.annotation.ProfileValueUtils - Retrieved ProfileValueSource type [class org.springframework.test.annotation.SystemProfileValueSource] for class [com.company.repository.ArticleRepositoryTests]
09:31:48.196 [main] DEBUG org.springframework.test.annotation.ProfileValueUtils - Retrieved @ProfileValueSourceConfiguration [null] for test class [com.company.repository.ArticleRepositoryTests]
09:31:48.196 [main] DEBUG org.springframework.test.annotation.ProfileValueUtils - Retrieved ProfileValueSource type [class org.springframework.test.annotation.SystemProfileValueSource] for class [com.company.repository.ArticleRepositoryTests]
09:31:48.196 [main] DEBUG org.springframework.test.annotation.ProfileValueUtils - Retrieved @ProfileValueSourceConfiguration [null] for test class [com.company.repository.ArticleRepositoryTests]
09:31:48.196 [main] DEBUG org.springframework.test.annotation.ProfileValueUtils - Retrieved ProfileValueSource type [class org.springframework.test.annotation.SystemProfileValueSource] for class [com.company.repository.ArticleRepositoryTests]
09:31:48.201 [main] DEBUG org.springframework.test.context.support.AbstractDirtiesContextTestExecutionListener - Before test class: context [DefaultTestContext@42a48628 testClass = ArticleRepositoryTests, testInstance = [null], testMethod = [null], testException = [null], mergedContextConfiguration = [WebMergedContextConfiguration@293a5bf6 testClass = ArticleRepositoryTests, locations = '{}', classes = '{class com.company.App}', contextInitializerClasses = '[]', activeProfiles = '{}', propertySourceLocations = '{}', propertySourceProperties = '{org.springframework.boot.test.context.SpringBootTestContextBootstrapper=true}', contextCustomizers = set[org.springframework.boot.test.context.filter.ExcludeFilterContextCustomizer@fad74ee, org.springframework.boot.test.json.DuplicateJsonObjectContextCustomizerFactory$DuplicateJsonObjectContextCustomizer@27808f31, org.springframework.boot.test.mock.mockito.MockitoContextCustomizer@0, org.springframework.boot.test.web.client.TestRestTemplateContextCustomizer@5f3a4b84, org.springframework.boot.test.autoconfigure.properties.PropertyMappingContextCustomizer@0, org.springframework.boot.test.autoconfigure.web.servlet.WebDriverContextCustomizerFactory$Customizer@6121c9d6], resourceBasePath = 'src/main/webapp', contextLoader = 'org.springframework.boot.test.context.SpringBootContextLoader', parent = [null]], attributes = map['org.springframework.test.context.web.ServletTestExecutionListener.activateListener' -> true]], class annotated with @DirtiesContext [false] with mode [null].
09:31:48.202 [main] DEBUG org.springframework.test.annotation.ProfileValueUtils - Retrieved @ProfileValueSourceConfiguration [null] for test class [com.company.repository.ArticleRepositoryTests]
09:31:48.202 [main] DEBUG org.springframework.test.annotation.ProfileValueUtils - Retrieved ProfileValueSource type [class org.springframework.test.annotation.SystemProfileValueSource] for class [com.company.repository.ArticleRepositoryTests]
09:31:48.223 [main] DEBUG org.springframework.test.context.support.TestPropertySourceUtils - Adding inlined properties to environment: {spring.jmx.enabled=false, org.springframework.boot.test.context.SpringBootTestContextBootstrapper=true, server.port=-1}

  .   ____          _            __ _ _
 /\\ / ___'_ __ _ _(_)_ __  __ _ \ \ \ \
( ( )\___ | '_ | '_| | '_ \/ _` | \ \ \ \
 \\/  ___)| |_)| | | | | || (_| |  ) ) ) )
  '  |____| .__|_| |_|_| |_\__, | / / / /
 =========|_|==============|___/=/_/_/_/
 :: Spring Boot ::        (v2.1.4.RELEASE)

2022-03-11 09:31:48.583  INFO 3351 --- [           main] c.c.repository.ArticleRepositoryTests    : Starting ArticleRepositoryTests on Jamess-MacBook-Pro.local with PID 3351 (started by jamescorcoran in /Users/jamescorcoran/Desktop/group-project)
2022-03-11 09:31:48.585  INFO 3351 --- [           main] c.c.repository.ArticleRepositoryTests    : No active profile set, falling back to default profiles: default
2022-03-11 09:31:50.013  INFO 3351 --- [           main] .s.d.r.c.RepositoryConfigurationDelegate : Bootstrapping Spring Data repositories in DEFAULT mode.
2022-03-11 09:31:50.130  INFO 3351 --- [           main] .s.d.r.c.RepositoryConfigurationDelegate : Finished Spring Data repository scanning in 110ms. Found 2 repository interfaces.
2022-03-11 09:31:50.791  INFO 3351 --- [           main] trationDelegate$BeanPostProcessorChecker : Bean 'org.springframework.transaction.annotation.ProxyTransactionManagementConfiguration' of type [org.springframework.transaction.annotation.ProxyTransactionManagementConfiguration$$EnhancerBySpringCGLIB$$6aaf0480] is not eligible for getting processed by all BeanPostProcessors (for example: not eligible for auto-proxying)
2022-03-11 09:31:51.308  INFO 3351 --- [           main] com.zaxxer.hikari.HikariDataSource       : HikariPool-1 - Starting...
2022-03-11 09:31:51.504  INFO 3351 --- [           main] com.zaxxer.hikari.HikariDataSource       : HikariPool-1 - Start completed.
2022-03-11 09:31:51.736  INFO 3351 --- [           main] o.hibernate.jpa.internal.util.LogHelper  : HHH000204: Processing PersistenceUnitInfo [
	name: default
	...]
2022-03-11 09:31:51.781  INFO 3351 --- [           main] org.hibernate.Version                    : HHH000412: Hibernate Core {5.3.9.Final}
2022-03-11 09:31:51.782  INFO 3351 --- [           main] org.hibernate.cfg.Environment            : HHH000206: hibernate.properties not found
2022-03-11 09:31:51.883  INFO 3351 --- [           main] o.hibernate.annotations.common.Version   : HCANN000001: Hibernate Commons Annotations {5.0.4.Final}
2022-03-11 09:31:52.061  INFO 3351 --- [           main] org.hibernate.dialect.Dialect            : HHH000400: Using dialect: org.hibernate.dialect.MySQL5Dialect
2022-03-11 09:31:52.913  INFO 3351 --- [           main] j.LocalContainerEntityManagerFactoryBean : Initialized JPA EntityManagerFactory for persistence unit 'default'
2022-03-11 09:31:53.646  WARN 3351 --- [           main] aWebConfiguration$JpaWebMvcConfiguration : spring.jpa.open-in-view is enabled by default. Therefore, database queries may be performed during view rendering. Explicitly configure spring.jpa.open-in-view to disable this warning
2022-03-11 09:31:55.528  INFO 3351 --- [           main] c.c.repository.ArticleRepositoryTests    : Started ArticleRepositoryTests in 7.298 seconds (JVM running for 8.36)
2022-03-11 09:31:55.637  INFO 3351 --- [           main] o.h.h.i.QueryTranslatorFactoryInitiator  : HHH000397: Using ASTQueryTranslatorFactory
2022-03-11 09:31:56.051  WARN 3351 --- [           main] o.h.engine.jdbc.spi.SqlExceptionHelper   : SQL Error: 1452, SQLState: 23000
2022-03-11 09:31:56.051 ERROR 3351 --- [           main] o.h.engine.jdbc.spi.SqlExceptionHelper   : Cannot add or update a child row: a foreign key constraint fails (`research_app_test`.`article`, CONSTRAINT `fk_archive` FOREIGN KEY (`archive_id`) REFERENCES `archive` (`archive_id`))
2022-03-11 09:31:56.054 ERROR 3351 --- [           main] o.h.i.ExceptionMapperStandardImpl        : HHH000346: Error during managed flush [org.hibernate.exception.ConstraintViolationException: could not execute statement]
]]></system-out>
  </testcase>
  <testcase name="shouldDeleteArticleFromDatabase" classname="com.company.repository.ArticleRepositoryTests" time="0.017">
    <error message="could not execute statement; SQL [n/a]; constraint [null]; nested exception is org.hibernate.exception.ConstraintViolationException: could not execute statement" type="org.springframework.dao.DataIntegrityViolationException">org.springframework.dao.DataIntegrityViolationException: could not execute statement; SQL [n/a]; constraint [null]; nested exception is org.hibernate.exception.ConstraintViolationException: could not execute statement
	at com.company.repository.ArticleRepositoryTests.shouldDeleteArticleFromDatabase(ArticleRepositoryTests.java:73)
Caused by: org.hibernate.exception.ConstraintViolationException: could not execute statement
	at com.company.repository.ArticleRepositoryTests.shouldDeleteArticleFromDatabase(ArticleRepositoryTests.java:73)
Caused by: java.sql.SQLIntegrityConstraintViolationException: Cannot add or update a child row: a foreign key constraint fails (`research_app_test`.`article`, CONSTRAINT `fk_archive` FOREIGN KEY (`archive_id`) REFERENCES `archive` (`archive_id`))
	at com.company.repository.ArticleRepositoryTests.shouldDeleteArticleFromDatabase(ArticleRepositoryTests.java:73)
</error>
    <system-out><![CDATA[2022-03-11 09:31:56.107  WARN 3351 --- [           main] o.h.engine.jdbc.spi.SqlExceptionHelper   : SQL Error: 1452, SQLState: 23000
2022-03-11 09:31:56.110 ERROR 3351 --- [           main] o.h.engine.jdbc.spi.SqlExceptionHelper   : Cannot add or update a child row: a foreign key constraint fails (`research_app_test`.`article`, CONSTRAINT `fk_archive` FOREIGN KEY (`archive_id`) REFERENCES `archive` (`archive_id`))
2022-03-11 09:31:56.112 ERROR 3351 --- [           main] o.h.i.ExceptionMapperStandardImpl        : HHH000346: Error during managed flush [org.hibernate.exception.ConstraintViolationException: could not execute statement]
]]></system-out>
  </testcase>
  <testcase name="shouldGetAllArticlesFromDatabase" classname="com.company.repository.ArticleRepositoryTests" time="0.016">
    <error message="could not execute statement; SQL [n/a]; constraint [null]; nested exception is org.hibernate.exception.ConstraintViolationException: could not execute statement" type="org.springframework.dao.DataIntegrityViolationException">org.springframework.dao.DataIntegrityViolationException: could not execute statement; SQL [n/a]; constraint [null]; nested exception is org.hibernate.exception.ConstraintViolationException: could not execute statement
	at com.company.repository.ArticleRepositoryTests.shouldGetAllArticlesFromDatabase(ArticleRepositoryTests.java:63)
Caused by: org.hibernate.exception.ConstraintViolationException: could not execute statement
	at com.company.repository.ArticleRepositoryTests.shouldGetAllArticlesFromDatabase(ArticleRepositoryTests.java:63)
Caused by: java.sql.SQLIntegrityConstraintViolationException: Cannot add or update a child row: a foreign key constraint fails (`research_app_test`.`article`, CONSTRAINT `fk_archive` FOREIGN KEY (`archive_id`) REFERENCES `archive` (`archive_id`))
	at com.company.repository.ArticleRepositoryTests.shouldGetAllArticlesFromDatabase(ArticleRepositoryTests.java:63)
</error>
    <system-out><![CDATA[2022-03-11 09:31:56.129  WARN 3351 --- [           main] o.h.engine.jdbc.spi.SqlExceptionHelper   : SQL Error: 1452, SQLState: 23000
2022-03-11 09:31:56.130 ERROR 3351 --- [           main] o.h.engine.jdbc.spi.SqlExceptionHelper   : Cannot add or update a child row: a foreign key constraint fails (`research_app_test`.`article`, CONSTRAINT `fk_archive` FOREIGN KEY (`archive_id`) REFERENCES `archive` (`archive_id`))
2022-03-11 09:31:56.131 ERROR 3351 --- [           main] o.h.i.ExceptionMapperStandardImpl        : HHH000346: Error during managed flush [org.hibernate.exception.ConstraintViolationException: could not execute statement]
]]></system-out>
  </testcase>
</testsuite>